╒═══════════════════════════════════════╤══════════════╤═════════╕
│ opt_value                             │ token_name   │   state │
╞═══════════════════════════════════════╪══════════════╪═════════╡
│ int                                   │ TYPE         │       3 │
├───────────────────────────────────────┼──────────────┼─────────┤
│ func                                  │ ID           │       1 │
├───────────────────────────────────────┼──────────────┼─────────┤
│ (                                     │ PARENTHESES  │       1 │
├───────────────────────────────────────┼──────────────┼─────────┤
│ char                                  │ TYPE         │       7 │
├───────────────────────────────────────┼──────────────┼─────────┤
│ c                                     │ ID           │       1 │
├───────────────────────────────────────┼──────────────┼─────────┤
│ ,                                     │ SEPARATOR    │       1 │
├───────────────────────────────────────┼──────────────┼─────────┤
│ bool                                  │ TYPE         │      16 │
├───────────────────────────────────────┼──────────────┼─────────┤
│ b                                     │ ID           │       1 │
├───────────────────────────────────────┼──────────────┼─────────┤
│ ,                                     │ SEPARATOR    │       1 │
├───────────────────────────────────────┼──────────────┼─────────┤
│ float                                 │ TYPE         │      12 │
├───────────────────────────────────────┼──────────────┼─────────┤
│ f                                     │ ID           │       1 │
├───────────────────────────────────────┼──────────────┼─────────┤
│ )                                     │ PARENTHESES  │       2 │
├───────────────────────────────────────┼──────────────┼─────────┤
│ {                                     │ BRACE        │       1 │
├───────────────────────────────────────┼──────────────┼─────────┤
│ int                                   │ TYPE         │       3 │
├───────────────────────────────────────┼──────────────┼─────────┤
│ a                                     │ ID           │       1 │
├───────────────────────────────────────┼──────────────┼─────────┤
│ =                                     │ ASSIGNMENT   │       1 │
├───────────────────────────────────────┼──────────────┼─────────┤
│ 0                                     │ INT          │       1 │
├───────────────────────────────────────┼──────────────┼─────────┤
│ +                                     │ ARITHMETIC   │       1 │
├───────────────────────────────────────┼──────────────┼─────────┤
│ 1200000003                            │ INT          │       3 │
├───────────────────────────────────────┼──────────────┼─────────┤
│ +                                     │ ARITHMETIC   │       1 │
├───────────────────────────────────────┼──────────────┼─────────┤
│ -1                                    │ INT          │       3 │
├───────────────────────────────────────┼──────────────┼─────────┤
│ ;                                     │ SEMICOLON    │       1 │
├───────────────────────────────────────┼──────────────┼─────────┤
│ a                                     │ ID           │       1 │
├───────────────────────────────────────┼──────────────┼─────────┤
│ =                                     │ ASSIGNMENT   │       1 │
├───────────────────────────────────────┼──────────────┼─────────┤
│ 0                                     │ INT          │       1 │
├───────────────────────────────────────┼──────────────┼─────────┤
│ -                                     │ ARITHMETIC   │       2 │
├───────────────────────────────────────┼──────────────┼─────────┤
│ 0                                     │ INT          │       1 │
├───────────────────────────────────────┼──────────────┼─────────┤
│ ;                                     │ SEMICOLON    │       1 │
├───────────────────────────────────────┼──────────────┼─────────┤
│ char                                  │ TYPE         │       7 │
├───────────────────────────────────────┼──────────────┼─────────┤
│ __c1                                  │ ID           │       1 │
├───────────────────────────────────────┼──────────────┼─────────┤
│ =                                     │ ASSIGNMENT   │       1 │
├───────────────────────────────────────┼──────────────┼─────────┤
│ "hello world this is an example 123 " │ STRING       │       2 │
├───────────────────────────────────────┼──────────────┼─────────┤
│ ;                                     │ SEMICOLON    │       1 │
├───────────────────────────────────────┼──────────────┼─────────┤
│ bool                                  │ TYPE         │      16 │
├───────────────────────────────────────┼──────────────┼─────────┤
│ b_1234                                │ ID           │       1 │
├───────────────────────────────────────┼──────────────┼─────────┤
│ =                                     │ ASSIGNMENT   │       1 │
├───────────────────────────────────────┼──────────────┼─────────┤
│ true                                  │ BOOLEAN      │       4 │
├───────────────────────────────────────┼──────────────┼─────────┤
│ false                                 │ BOOLEAN      │       9 │
├───────────────────────────────────────┼──────────────┼─────────┤
│ ;                                     │ SEMICOLON    │       1 │
├───────────────────────────────────────┼──────────────┼─────────┤
│ float                                 │ TYPE         │      12 │
├───────────────────────────────────────┼──────────────┼─────────┤
│ f_                                    │ ID           │       1 │
├───────────────────────────────────────┼──────────────┼─────────┤
│ =                                     │ ASSIGNMENT   │       1 │
├───────────────────────────────────────┼──────────────┼─────────┤
│ 0.000012301                           │ FLOAT        │       5 │
├───────────────────────────────────────┼──────────────┼─────────┤
│ +                                     │ ARITHMETIC   │       1 │
├───────────────────────────────────────┼──────────────┼─────────┤
│ -1233.3                               │ FLOAT        │       5 │
├───────────────────────────────────────┼──────────────┼─────────┤
│ +                                     │ ARITHMETIC   │       1 │
├───────────────────────────────────────┼──────────────┼─────────┤
│ 33000000003                           │ INT          │       3 │
├───────────────────────────────────────┼──────────────┼─────────┤
│ +                                     │ ARITHMETIC   │       1 │
├───────────────────────────────────────┼──────────────┼─────────┤
│ 0.0                                   │ FLOAT        │       5 │
├───────────────────────────────────────┼──────────────┼─────────┤
│ ;                                     │ SEMICOLON    │       1 │
├───────────────────────────────────────┼──────────────┼─────────┤
│ if                                    │ KEYWORD      │       2 │
├───────────────────────────────────────┼──────────────┼─────────┤
│ (                                     │ PARENTHESES  │       1 │
├───────────────────────────────────────┼──────────────┼─────────┤
│ b_1234                                │ ID           │       1 │
├───────────────────────────────────────┼──────────────┼─────────┤
│ !=                                    │ COMPARISON   │       6 │
├───────────────────────────────────────┼──────────────┼─────────┤
│ false                                 │ BOOLEAN      │       9 │
├───────────────────────────────────────┼──────────────┼─────────┤
│ )                                     │ PARENTHESES  │       2 │
├───────────────────────────────────────┼──────────────┼─────────┤
│ {                                     │ BRACE        │       1 │
├───────────────────────────────────────┼──────────────┼─────────┤
│ return                                │ KEYWORD      │      20 │
├───────────────────────────────────────┼──────────────┼─────────┤
│ 12                                    │ INT          │       3 │
├───────────────────────────────────────┼──────────────┼─────────┤
│ >                                     │ COMPARISON   │       2 │
├───────────────────────────────────────┼──────────────┼─────────┤
│ 34                                    │ INT          │       3 │
├───────────────────────────────────────┼──────────────┼─────────┤
│ ;                                     │ SEMICOLON    │       1 │
├───────────────────────────────────────┼──────────────┼─────────┤
│ }                                     │ BRACE        │       2 │
├───────────────────────────────────────┼──────────────┼─────────┤
│ else                                  │ KEYWORD      │       6 │
├───────────────────────────────────────┼──────────────┼─────────┤
│ if                                    │ KEYWORD      │       2 │
├───────────────────────────────────────┼──────────────┼─────────┤
│ {                                     │ BRACE        │       1 │
├───────────────────────────────────────┼──────────────┼─────────┤
│ return                                │ KEYWORD      │      20 │
├───────────────────────────────────────┼──────────────┼─────────┤
│ 1                                     │ INT          │       3 │
├───────────────────────────────────────┼──────────────┼─────────┤
│ <<                                    │ BITWISE      │       2 │
├───────────────────────────────────────┼──────────────┼─────────┤
│ 3                                     │ INT          │       3 │
├───────────────────────────────────────┼──────────────┼─────────┤
│ ;                                     │ SEMICOLON    │       1 │
├───────────────────────────────────────┼──────────────┼─────────┤
│ }                                     │ BRACE        │       2 │
├───────────────────────────────────────┼──────────────┼─────────┤
│ }                                     │ BRACE        │       2 │
├───────────────────────────────────────┼──────────────┼─────────┤
│ Ture___r                              │ ID           │       1 │
├───────────────────────────────────────┼──────────────┼─────────┤
│ 0                                     │ INT          │       1 │
├───────────────────────────────────────┼──────────────┼─────────┤
│ 1                                     │ INT          │       3 │
├───────────────────────────────────────┼──────────────┼─────────┤
│ 22                                    │ INT          │       3 │
├───────────────────────────────────────┼──────────────┼─────────┤
│ 123                                   │ INT          │       3 │
├───────────────────────────────────────┼──────────────┼─────────┤
│ 56                                    │ INT          │       3 │
├───────────────────────────────────────┼──────────────┼─────────┤
│ 0                                     │ INT          │       1 │
├───────────────────────────────────────┼──────────────┼─────────┤
│ 0                                     │ INT          │       1 │
├───────────────────────────────────────┼──────────────┼─────────┤
│ 1                                     │ INT          │       3 │
├───────────────────────────────────────┼──────────────┼─────────┤
│ "asdfagwet"                           │ STRING       │       2 │
├───────────────────────────────────────┼──────────────┼─────────┤
│ 0.5                                   │ FLOAT        │       5 │
├───────────────────────────────────────┼──────────────┼─────────┤
│ ,                                     │ SEPARATOR    │       1 │
├───────────────────────────────────────┼──────────────┼─────────┤
│ -0.0                                  │ FLOAT        │       5 │
├───────────────────────────────────────┼──────────────┼─────────┤
│ ,                                     │ SEPARATOR    │       1 │
├───────────────────────────────────────┼──────────────┼─────────┤
│ -10.0                                 │ FLOAT        │       5 │
├───────────────────────────────────────┼──────────────┼─────────┤
│ ,                                     │ SEPARATOR    │       1 │
├───────────────────────────────────────┼──────────────┼─────────┤
│ 100.00001                             │ FLOAT        │       5 │
╘═══════════════════════════════════════╧══════════════╧═════════╛
